c:\users\mmeri\downloads\cg_assignment4_done_mon\cg_assignment4_mon\blackjack_core (redesign)\x64\debug\vc141.pdb
c:\users\mmeri\downloads\cg_assignment4_done_mon\cg_assignment4_mon\blackjack_core (redesign)\x64\debug\vc141.idb
c:\users\mmeri\downloads\cg_assignment4_done_mon\cg_assignment4_mon\blackjack_core (redesign)\x64\debug\glad.obj
c:\users\mmeri\downloads\cg_assignment4_done_mon\cg_assignment4_mon\blackjack_core (redesign)\x64\debug\stb.obj
c:\users\mmeri\downloads\cg_assignment4_done_mon\cg_assignment4_mon\blackjack_core (redesign)\x64\debug\main.obj
c:\users\mmeri\onedrive\desktop\assignment1\assignment1\blackjack_core (redesign)\x64\debug\main.obj
c:\users\mmeri\onedrive\desktop\assignment1\assignment1\blackjack_core (redesign)\x64\debug\stb.obj
c:\users\mmeri\onedrive\desktop\assignment1\assignment1\blackjack_core (redesign)\x64\debug\vc141.idb
c:\users\mmeri\onedrive\desktop\assignment1\assignment1\blackjack_core (redesign)\x64\debug\vc141.pdb
c:\users\mmeri\onedrive\desktop\assignment1\assignment1\x64\debug\blackjack_core_v2.pdb
c:\users\mmeri\onedrive\desktop\assignment1\assignment1\blackjack_core (redesign)\x64\debug\blackjac.dd46850e.tlog\cl.command.1.tlog
c:\users\mmeri\onedrive\desktop\assignment1\assignment1\blackjack_core (redesign)\x64\debug\blackjac.dd46850e.tlog\cl.read.1.tlog
c:\users\mmeri\onedrive\desktop\assignment1\assignment1\blackjack_core (redesign)\x64\debug\blackjac.dd46850e.tlog\cl.write.1.tlog
c:\users\mmeri\onedrive\desktop\assignment1\assignment1\blackjack_core (redesign)\x64\debug\blackjac.dd46850e.tlog\link-cvtres.read.1.tlog
c:\users\mmeri\onedrive\desktop\assignment1\assignment1\blackjack_core (redesign)\x64\debug\blackjac.dd46850e.tlog\link-cvtres.write.1.tlog
c:\users\mmeri\onedrive\desktop\assignment1\assignment1\blackjack_core (redesign)\x64\debug\blackjac.dd46850e.tlog\link-rc.read.1.tlog
c:\users\mmeri\onedrive\desktop\assignment1\assignment1\blackjack_core (redesign)\x64\debug\blackjac.dd46850e.tlog\link-rc.write.1.tlog
c:\users\mmeri\onedrive\desktop\assignment1\assignment1\blackjack_core (redesign)\x64\debug\blackjac.dd46850e.tlog\link.command.1.tlog
c:\users\mmeri\onedrive\desktop\assignment1\assignment1\blackjack_core (redesign)\x64\debug\blackjac.dd46850e.tlog\link.read.1.tlog
c:\users\mmeri\onedrive\desktop\assignment1\assignment1\blackjack_core (redesign)\x64\debug\blackjac.dd46850e.tlog\link.write.1.tlog
